<?xml version="1.0" encoding="UTF-8" standalone="no"?>
<testsuite errors="0" failures="0" name="io.cucumber.core.plugin.JUnitFormatter" skipped="0" tests="1" time="29.672">
<testcase classname="Free CRM Login" name="Free CRM Login page" time="29.024">
<system-out><![CDATA[Given User is already login page............................................passed
When Title of the login page is Free CRM....................................passed
Then user enters username & password........................................passed
Then user clicks on login button............................................passed
Then user is on home page...................................................passed
Then close the browser......................................................passed
]]></system-out>
</testcase>
</testsuite>
